# JRE version: OpenJDK Runtime Environment Temurin-17.0.18+8 (17.0.18+8) (build 17.0.18+8)
# Java VM: OpenJDK 64-Bit Server VM Temurin-17.0.18+8 (17.0.18+8, mixed mode, sharing, tiered, compressed oops, compressed class ptrs, g1 gc, windows-amd64)
GC Precious Log:
 CPUs: 12 total, 12 available
 Memory: 16088M
 Large Page Support: Disabled
 NUMA Support: Disabled
 Compressed Oops: Enabled (32-bit)
 Heap Region Size: 1M
 Heap Min Capacity: 256M
 Heap Initial Capacity: 256M
 Heap Max Capacity: 512M
 Pre-touch: Disabled
 Parallel Workers: 10
 Concurrent Workers: 3
 Concurrent Refinement Workers: 10
 Periodic GC: Disabled
Heap:
 garbage-first heap   total 262144K, used 78385K [0x00000000e0000000, 0x0000000100000000)
  region size 1024K, 20 young (20480K), 1 survivors (1024K)
 Metaspace       used 39460K, committed 39872K, reserved 393216K
  class space    used 5496K, committed 5696K, reserved 327680K
GC Heap History (12 events):
Event: 0.362 GC heap before
{Heap before GC invocations=0 (full 0):
 garbage-first heap   total 262144K, used 27648K [0x00000000e0000000, 0x0000000100000000)
  region size 1024K, 23 young (23552K), 0 survivors (0K)
 Metaspace       used 3081K, committed 3200K, reserved 393216K
  class space    used 393K, committed 448K, reserved 327680K
}
Event: 0.364 GC heap after
{Heap after GC invocations=1 (full 0):
 garbage-first heap   total 262144K, used 10636K [0x00000000e0000000, 0x0000000100000000)
  region size 1024K, 3 young (3072K), 3 survivors (3072K)
 Metaspace       used 3081K, committed 3200K, reserved 393216K
  class space    used 393K, committed 448K, reserved 327680K
}
Event: 0.501 GC heap before
{Heap before GC invocations=1 (full 0):
 garbage-first heap   total 262144K, used 39308K [0x00000000e0000000, 0x0000000100000000)
  region size 1024K, 31 young (31744K), 3 survivors (3072K)
 Metaspace       used 4030K, committed 4224K, reserved 393216K
  class space    used 490K, committed 576K, reserved 327680K
}
Event: 0.503 GC heap after
{Heap after GC invocations=2 (full 0):
 garbage-first heap   total 262144K, used 13007K [0x00000000e0000000, 0x0000000100000000)
  region size 1024K, 3 young (3072K), 3 survivors (3072K)
 Metaspace       used 4030K, committed 4224K, reserved 393216K
  class space    used 490K, committed 576K, reserved 327680K
}
Event: 2.216 GC heap before
{Heap before GC invocations=2 (full 0):
 garbage-first heap   total 262144K, used 154319K [0x00000000e0000000, 0x0000000100000000)
  region size 1024K, 125 young (128000K), 3 survivors (3072K)
 Metaspace       used 21143K, committed 21504K, reserved 393216K
  class space    used 3177K, committed 3392K, reserved 327680K
}
Event: 2.226 GC heap after
{Heap after GC invocations=3 (full 0):
 garbage-first heap   total 262144K, used 47862K [0x00000000e0000000, 0x0000000100000000)
  region size 1024K, 19 young (19456K), 19 survivors (19456K)
 Metaspace       used 21143K, committed 21504K, reserved 393216K
  class space    used 3177K, committed 3392K, reserved 327680K
}
Event: 3.458 GC heap before
{Heap before GC invocations=4 (full 0):
 garbage-first heap   total 262144K, used 165622K [0x00000000e0000000, 0x0000000100000000)
  region size 1024K, 136 young (139264K), 19 survivors (19456K)
 Metaspace       used 35639K, committed 35968K, reserved 393216K
  class space    used 5095K, committed 5248K, reserved 327680K
}
Event: 3.468 GC heap after
{Heap after GC invocations=5 (full 0):
 garbage-first heap   total 262144K, used 55710K [0x00000000e0000000, 0x0000000100000000)
  region size 1024K, 9 young (9216K), 9 survivors (9216K)
 Metaspace       used 35639K, committed 35968K, reserved 393216K
  class space    used 5095K, committed 5248K, reserved 327680K
}
Event: 3.484 GC heap before
{Heap before GC invocations=5 (full 0):
 garbage-first heap   total 262144K, used 55710K [0x00000000e0000000, 0x0000000100000000)
  region size 1024K, 10 young (10240K), 9 survivors (9216K)
 Metaspace       used 35900K, committed 36288K, reserved 393216K
  class space    used 5116K, committed 5312K, reserved 327680K
}
Event: 3.488 GC heap after
{Heap after GC invocations=6 (full 0):
 garbage-first heap   total 262144K, used 55914K [0x00000000e0000000, 0x0000000100000000)
  region size 1024K, 2 young (2048K), 2 survivors (2048K)
 Metaspace       used 35900K, committed 36288K, reserved 393216K
  class space    used 5116K, committed 5312K, reserved 327680K
}
Event: 3.493 GC heap before
{Heap before GC invocations=6 (full 0):
 garbage-first heap   total 262144K, used 55914K [0x00000000e0000000, 0x0000000100000000)
  region size 1024K, 3 young (3072K), 2 survivors (2048K)
 Metaspace       used 36180K, committed 36608K, reserved 393216K
  class space    used 5140K, committed 5376K, reserved 327680K
}
Event: 3.494 GC heap after
{Heap after GC invocations=7 (full 0):
 garbage-first heap   total 262144K, used 54833K [0x00000000e0000000, 0x0000000100000000)
  region size 1024K, 1 young (1024K), 1 survivors (1024K)
 Metaspace       used 36180K, committed 36608K, reserved 393216K
  class space    used 5140K, committed 5376K, reserved 327680K
}

